d:\visual studio\windows\auto_tetris\auto_tetris\debug\auto_tetris.pch
d:\visual studio\windows\auto_tetris\auto_tetris\debug\vc141.pdb
d:\visual studio\windows\auto_tetris\auto_tetris\debug\vc141.idb
d:\visual studio\windows\auto_tetris\auto_tetris\debug\stdafx.obj
d:\visual studio\windows\auto_tetris\auto_tetris\debug\autotetris.obj
d:\visual studio\windows\auto_tetris\auto_tetris\debug\grid.obj
d:\visual studio\windows\auto_tetris\auto_tetris\debug\gridposition.obj
d:\visual studio\windows\auto_tetris\auto_tetris\debug\rectposition.obj
d:\visual studio\windows\auto_tetris\auto_tetris\debug\tetris.obj
d:\visual studio\windows\auto_tetris\debug\auto_tetris.ilk
d:\visual studio\windows\auto_tetris\debug\auto_tetris.exe
d:\visual studio\windows\auto_tetris\debug\auto_tetris.pdb
d:\visual studio\windows\auto_tetris\auto_tetris\debug\autotetris.res
d:\visual studio\windows\auto_tetris\auto_tetris\debug\auto_tetris.tlog\cl.command.1.tlog
d:\visual studio\windows\auto_tetris\auto_tetris\debug\auto_tetris.tlog\cl.read.1.tlog
d:\visual studio\windows\auto_tetris\auto_tetris\debug\auto_tetris.tlog\cl.write.1.tlog
d:\visual studio\windows\auto_tetris\auto_tetris\debug\auto_tetris.tlog\link.command.1.tlog
d:\visual studio\windows\auto_tetris\auto_tetris\debug\auto_tetris.tlog\link.read.1.tlog
d:\visual studio\windows\auto_tetris\auto_tetris\debug\auto_tetris.tlog\link.write.1.tlog
d:\visual studio\windows\auto_tetris\auto_tetris\debug\auto_tetris.tlog\rc.command.1.tlog
d:\visual studio\windows\auto_tetris\auto_tetris\debug\auto_tetris.tlog\rc.read.1.tlog
d:\visual studio\windows\auto_tetris\auto_tetris\debug\auto_tetris.tlog\rc.write.1.tlog
