d:\visual studio\windows\auto_tetris\release\auto_tetris.ipdb
d:\visual studio\windows\auto_tetris\release\auto_tetris.iobj
d:\visual studio\windows\auto_tetris\auto_tetris\release\auto_tetris.pch
d:\visual studio\windows\auto_tetris\auto_tetris\release\vc141.pdb
d:\visual studio\windows\auto_tetris\auto_tetris\release\stdafx.obj
d:\visual studio\windows\auto_tetris\auto_tetris\release\tetris.obj
d:\visual studio\windows\auto_tetris\auto_tetris\release\rectposition.obj
d:\visual studio\windows\auto_tetris\auto_tetris\release\gridposition.obj
d:\visual studio\windows\auto_tetris\auto_tetris\release\grid.obj
d:\visual studio\windows\auto_tetris\auto_tetris\release\autotetris.obj
d:\visual studio\windows\auto_tetris\release\auto_tetris.exe
d:\visual studio\windows\auto_tetris\release\auto_tetris.pdb
d:\visual studio\windows\auto_tetris\auto_tetris\release\autotetris.res
d:\visual studio\windows\auto_tetris\auto_tetris\release\auto_tetris.tlog\auto_tetris.write.1u.tlog
d:\visual studio\windows\auto_tetris\auto_tetris\release\auto_tetris.tlog\cl.command.1.tlog
d:\visual studio\windows\auto_tetris\auto_tetris\release\auto_tetris.tlog\cl.read.1.tlog
d:\visual studio\windows\auto_tetris\auto_tetris\release\auto_tetris.tlog\cl.write.1.tlog
d:\visual studio\windows\auto_tetris\auto_tetris\release\auto_tetris.tlog\link.command.1.tlog
d:\visual studio\windows\auto_tetris\auto_tetris\release\auto_tetris.tlog\link.read.1.tlog
d:\visual studio\windows\auto_tetris\auto_tetris\release\auto_tetris.tlog\link.write.1.tlog
d:\visual studio\windows\auto_tetris\auto_tetris\release\auto_tetris.tlog\rc.command.1.tlog
d:\visual studio\windows\auto_tetris\auto_tetris\release\auto_tetris.tlog\rc.read.1.tlog
d:\visual studio\windows\auto_tetris\auto_tetris\release\auto_tetris.tlog\rc.write.1.tlog
